TN:
SF:src/constants.js
FNF:0
FNH:0
DA:1,1
DA:2,1
DA:3,1
DA:4,1
DA:5,1
DA:6,1
DA:7,1
DA:8,1
DA:9,1
DA:10,1
DA:11,1
DA:12,1
DA:13,1
DA:14,1
DA:15,1
DA:16,1
DA:17,1
DA:18,1
DA:19,1
DA:20,1
DA:21,1
DA:22,1
DA:23,1
DA:24,1
DA:25,1
DA:26,1
DA:27,1
DA:28,1
DA:29,1
DA:30,1
DA:31,1
DA:32,1
DA:33,1
DA:34,1
DA:35,1
DA:36,1
DA:37,1
DA:38,1
LF:38
LH:38
BRF:0
BRH:0
end_of_record
TN:
SF:src/app/grid.js
FN:4,Grid
FN:18,get width
FN:22,get height
FN:26,addForbiddenPosition
FN:30,positionIsForbidden
FNF:5
FNH:5
FNDA:9,Grid
FNDA:23,get width
FNDA:23,get height
FNDA:1,addForbiddenPosition
FNDA:13,positionIsForbidden
DA:1,1
DA:2,1
DA:3,1
DA:4,1
DA:5,9
DA:6,3
DA:7,3
DA:8,6
DA:9,9
DA:10,3
DA:11,3
DA:12,3
DA:13,3
DA:14,3
DA:15,3
DA:16,3
DA:17,1
DA:18,1
DA:19,23
DA:20,23
DA:21,1
DA:22,1
DA:23,23
DA:24,23
DA:25,1
DA:26,1
DA:27,1
DA:28,1
DA:29,1
DA:30,1
DA:31,13
DA:32,13
DA:33,1
DA:34,1
DA:35,1
LF:35
LH:35
BRDA:4,0,0,9
BRDA:5,1,0,7
BRDA:5,2,0,6
BRDA:5,3,0,3
BRDA:9,4,0,4
BRDA:9,5,0,3
BRDA:18,6,0,23
BRDA:22,7,0,23
BRDA:26,8,0,1
BRDA:30,9,0,13
BRDA:31,10,0,5
BRF:11
BRH:11
end_of_record
TN:
SF:src/app/mars.js
FN:10,groupRobots
FN:27,Mars
FN:34,sendRobots
FNF:3
FNH:3
FNDA:1,groupRobots
FNDA:2,Mars
FNDA:1,sendRobots
DA:1,1
DA:2,1
DA:3,1
DA:4,1
DA:5,1
DA:6,1
DA:7,1
DA:8,1
DA:9,1
DA:10,1
DA:11,1
DA:12,1
DA:13,1
DA:14,6
DA:15,3
DA:16,3
DA:17,3
DA:18,3
DA:19,3
DA:20,3
DA:21,3
DA:22,6
DA:23,1
DA:24,1
DA:25,1
DA:26,1
DA:27,1
DA:28,2
DA:29,1
DA:30,1
DA:31,1
DA:32,1
DA:33,1
DA:34,1
DA:35,1
DA:36,1
DA:37,1
DA:38,1
DA:39,1
DA:40,1
DA:41,1
DA:42,1
DA:43,3
DA:44,3
DA:45,3
DA:46,3
DA:47,3
DA:48,1
DA:49,1
DA:50,1
DA:51,1
DA:52,1
DA:53,1
LF:53
LH:53
BRDA:10,0,0,1
BRDA:13,1,0,6
BRDA:14,2,0,5
BRDA:14,3,0,3
BRDA:27,4,0,2
BRDA:28,5,0,1
BRDA:34,6,0,1
BRDA:42,7,0,3
BRDA:46,8,0,2
BRDA:46,9,0,1
BRF:10
BRH:10
end_of_record
TN:
SF:src/app/position.js
FN:4,Position
FN:10,get x
FN:18,set x
FN:22,get y
FN:30,set y
FN:34,get orientation
FN:42,set orientation
FN:46,isOffTheGrid
FNF:8
FNH:8
FNDA:13,Position
FNDA:64,get x
FNDA:22,set x
FNDA:62,get y
FNDA:23,set y
FNDA:57,get orientation
FNDA:25,set orientation
FNDA:21,isOffTheGrid
DA:1,1
DA:2,1
DA:3,1
DA:4,1
DA:5,13
DA:6,13
DA:7,13
DA:8,13
DA:9,1
DA:10,1
DA:11,64
DA:12,64
DA:13,1
DA:14,1
DA:15,1
DA:16,1
DA:17,1
DA:18,1
DA:19,22
DA:20,22
DA:21,1
DA:22,1
DA:23,62
DA:24,62
DA:25,1
DA:26,1
DA:27,1
DA:28,1
DA:29,1
DA:30,1
DA:31,23
DA:32,23
DA:33,1
DA:34,1
DA:35,57
DA:36,57
DA:37,1
DA:38,1
DA:39,1
DA:40,1
DA:41,1
DA:42,1
DA:43,25
DA:44,25
DA:45,1
DA:46,1
DA:47,21
DA:48,9
DA:49,9
DA:50,3
DA:51,3
DA:52,9
DA:53,2
DA:54,2
DA:55,9
DA:56,2
DA:57,2
DA:58,9
DA:59,2
DA:60,2
DA:61,9
DA:62,9
DA:63,9
DA:64,12
DA:65,12
DA:66,1
DA:67,1
DA:68,1
LF:68
LH:68
BRDA:4,0,0,13
BRDA:10,1,0,64
BRDA:18,2,0,22
BRDA:22,3,0,62
BRDA:30,4,0,23
BRDA:34,5,0,57
BRDA:42,6,0,25
BRDA:46,7,0,21
BRDA:47,8,0,20
BRDA:47,9,0,14
BRDA:47,10,0,13
BRDA:47,11,0,9
BRDA:49,12,0,3
BRDA:52,13,0,2
BRDA:55,14,0,2
BRDA:58,15,0,2
BRDA:64,16,0,12
BRF:17
BRH:17
end_of_record
TN:
SF:src/app/robot.js
FN:18,Robot
FN:24,getPosition
FN:32,setPosition
FN:39,move
FN:65,moveForward
FN:93,turnRight
FN:97,turnLeft
FNF:7
FNH:7
FNDA:4,Robot
FNDA:4,getPosition
FNDA:3,setPosition
FNDA:3,move
FNDA:13,moveForward
FNDA:6,turnRight
FNDA:9,turnLeft
DA:1,1
DA:2,1
DA:3,1
DA:4,1
DA:5,1
DA:6,1
DA:7,1
DA:8,1
DA:9,1
DA:10,1
DA:11,1
DA:12,1
DA:13,1
DA:14,1
DA:15,1
DA:16,1
DA:17,1
DA:18,1
DA:19,4
DA:20,4
DA:21,4
DA:22,4
DA:23,1
DA:24,1
DA:25,4
DA:26,4
DA:27,4
DA:28,4
DA:29,4
DA:30,4
DA:31,1
DA:32,1
DA:33,3
DA:34,3
DA:35,3
DA:36,3
DA:37,3
DA:38,1
DA:39,1
DA:40,3
DA:41,27
DA:42,1
DA:43,1
DA:44,26
DA:45,26
DA:46,26
DA:47,26
DA:48,27
DA:49,7
DA:50,7
DA:51,27
DA:52,6
DA:53,6
DA:54,27
DA:55,13
DA:56,13
DA:57,27
DA:58,27
DA:59,27
DA:60,27
DA:61,3
DA:62,3
DA:63,3
DA:64,1
DA:65,1
DA:66,13
DA:67,13
DA:68,13
DA:69,1
DA:70,1
DA:71,12
DA:72,12
DA:73,12
DA:74,12
DA:75,12
DA:76,12
DA:77,12
DA:78,12
DA:79,12
DA:80,12
DA:81,12
DA:82,12
DA:83,12
DA:84,12
DA:85,12
DA:86,12
DA:87,13
DA:88,1
DA:89,1
DA:90,1
DA:91,13
DA:92,1
DA:93,1
DA:94,6
DA:95,6
DA:96,1
DA:97,1
DA:98,9
DA:99,9
DA:100,1
DA:101,1
DA:102,1
LF:102
LH:102
BRDA:18,0,0,4
BRDA:24,1,0,4
BRDA:32,2,0,3
BRDA:39,3,0,3
BRDA:40,4,0,27
BRDA:41,5,0,1
BRDA:44,6,0,26
BRDA:48,7,0,7
BRDA:51,8,0,6
BRDA:54,9,0,13
BRDA:57,10,0,0
BRDA:62,11,0,1
BRDA:62,12,0,2
BRDA:65,13,0,13
BRDA:68,14,0,1
BRDA:71,15,0,12
BRDA:73,16,0,4
BRDA:76,17,0,2
BRDA:79,18,0,4
BRDA:82,19,0,2
BRDA:72,20,0,12
BRDA:87,21,0,1
BRDA:93,22,0,6
BRDA:97,23,0,9
BRF:24
BRH:23
end_of_record
